<?xml version="1.0" encoding="utf-8"?><testsuites name="pytest tests"><testsuite name="pytest" errors="0" failures="0" skipped="1" tests="20" time="10.422" timestamp="2026-05-12T21:23:01.532758+00:00" hostname="agent-env-a41ba15b-a837-47c6-a7a0-085861cf0610"><testcase classname="backend.tests.test_veil_api.TestAuth" name="test_health" time="0.280" /><testcase classname="backend.tests.test_veil_api.TestAuth" name="test_register_rejects_under_18" time="0.200" /><testcase classname="backend.tests.test_veil_api.TestAuth" name="test_register_rejects_duplicate" time="0.607" /><testcase classname="backend.tests.test_veil_api.TestAuth" name="test_register_auto_generates_taps" time="0.620" /><testcase classname="backend.tests.test_veil_api.TestAuth" name="test_login_returns_jwt" time="0.384" /><testcase classname="backend.tests.test_veil_api.TestAuth" name="test_login_invalid" time="0.372" /><testcase classname="backend.tests.test_veil_api.TestAuth" name="test_delete_account_persists" time="0.768" /><testcase classname="backend.tests.test_veil_api.TestModeration" name="test_message_blocks_prohibited" time="0.829" /><testcase classname="backend.tests.test_veil_api.TestModeration" name="test_valid_message_succeeds" time="0.220" /><testcase classname="backend.tests.test_veil_api.TestModeration" name="test_rate_limit_30_per_min" time="2.669" /><testcase classname="backend.tests.test_veil_api.TestProfile" name="test_photos_array_truncates_to_6" time="0.171" /><testcase classname="backend.tests.test_veil_api.TestProfile" name="test_first_photo_becomes_main_photo" time="0.611" /><testcase classname="backend.tests.test_veil_api.TestDiscover" name="test_nearby_returns_demo_users" time="0.142" /><testcase classname="backend.tests.test_veil_api.TestDiscover" name="test_nearby_sorted_boosted_online_distance" time="0.197" /><testcase classname="backend.tests.test_veil_api.TestDiscover" name="test_distance_rounded_to_half_km" time="0.146" /><testcase classname="backend.tests.test_veil_api.TestTaps" name="test_free_user_sees_first_2_unlocked" time="0.511" /><testcase classname="backend.tests.test_veil_api.TestTaps" name="test_premium_user_sees_all_unlocked" time="0.133"><skipped type="pytest.skip" message="Review account has no taps yet">/app/backend/tests/test_veil_api.py:203: Review account has no taps yet</skipped></testcase><testcase classname="backend.tests.test_veil_api.TestBoost" name="test_boost_activate_sets_1h" time="0.533" /><testcase classname="backend.tests.test_veil_api.TestBlockReport" name="test_block_removes_from_nearby" time="0.736" /><testcase classname="backend.tests.test_veil_api.TestBlockReport" name="test_report_saves" time="0.232" /></testsuite></testsuites>